execve("./randmain", ["./randmain", "2"], [/* 37 vars */]) = 0
brk(NULL)                               = 0x23d2000
mmap(NULL, 4096, PROT_READ|PROT_WRITE, MAP_PRIVATE|MAP_ANONYMOUS, -1, 0) = 0x7fac8f214000
access("/etc/ld.so.preload", R_OK)      = -1 ENOENT (No such file or directory)
open("/u/cs/ugrad/xian/Desktop/week8/tls/x86_64/libdl.so.2", O_RDONLY|O_CLOEXEC) = -1 ENOENT (No such file or directory)
stat("/u/cs/ugrad/xian/Desktop/week8/tls/x86_64", 0x7ffdca9be720) = -1 ENOENT (No such file or directory)
open("/u/cs/ugrad/xian/Desktop/week8/tls/libdl.so.2", O_RDONLY|O_CLOEXEC) = -1 ENOENT (No such file or directory)
stat("/u/cs/ugrad/xian/Desktop/week8/tls", 0x7ffdca9be720) = -1 ENOENT (No such file or directory)
open("/u/cs/ugrad/xian/Desktop/week8/x86_64/libdl.so.2", O_RDONLY|O_CLOEXEC) = -1 ENOENT (No such file or directory)
stat("/u/cs/ugrad/xian/Desktop/week8/x86_64", 0x7ffdca9be720) = -1 ENOENT (No such file or directory)
open("/u/cs/ugrad/xian/Desktop/week8/libdl.so.2", O_RDONLY|O_CLOEXEC) = -1 ENOENT (No such file or directory)
stat("/u/cs/ugrad/xian/Desktop/week8", {st_mode=S_IFDIR|0700, st_size=4096, ...}) = 0
open("/etc/ld.so.cache", O_RDONLY|O_CLOEXEC) = 3
fstat(3, {st_mode=S_IFREG|0644, st_size=161768, ...}) = 0
mmap(NULL, 161768, PROT_READ, MAP_PRIVATE, 3, 0) = 0x7fac8f1ec000
close(3)                                = 0
open("/lib64/libdl.so.2", O_RDONLY|O_CLOEXEC) = 3
read(3, "\177ELF\2\1\1\0\0\0\0\0\0\0\0\0\3\0>\0\1\0\0\0`\16\0\0\0\0\0\0"..., 832) = 832
fstat(3, {st_mode=S_IFREG|0755, st_size=19776, ...}) = 0
mmap(NULL, 2109744, PROT_READ|PROT_EXEC, MAP_PRIVATE|MAP_DENYWRITE, 3, 0) = 0x7fac8edf0000
mprotect(0x7fac8edf2000, 2097152, PROT_NONE) = 0
mmap(0x7fac8eff2000, 8192, PROT_READ|PROT_WRITE, MAP_PRIVATE|MAP_FIXED|MAP_DENYWRITE, 3, 0x2000) = 0x7fac8eff2000
close(3)                                = 0
open("/u/cs/ugrad/xian/Desktop/week8/libc.so.6", O_RDONLY|O_CLOEXEC) = -1 ENOENT (No such file or directory)
open("/lib64/libc.so.6", O_RDONLY|O_CLOEXEC) = 3
read(3, "\177ELF\2\1\1\3\0\0\0\0\0\0\0\0\3\0>\0\1\0\0\0\20\35\2\0\0\0\0\0"..., 832) = 832
fstat(3, {st_mode=S_IFREG|0755, st_size=2127336, ...}) = 0
mmap(NULL, 4096, PROT_READ|PROT_WRITE, MAP_PRIVATE|MAP_ANONYMOUS, -1, 0) = 0x7fac8f1eb000
mmap(NULL, 3940800, PROT_READ|PROT_EXEC, MAP_PRIVATE|MAP_DENYWRITE, 3, 0) = 0x7fac8ea2d000
mprotect(0x7fac8ebe5000, 2097152, PROT_NONE) = 0
mmap(0x7fac8ede5000, 24576, PROT_READ|PROT_WRITE, MAP_PRIVATE|MAP_FIXED|MAP_DENYWRITE, 3, 0x1b8000) = 0x7fac8ede5000
mmap(0x7fac8edeb000, 16832, PROT_READ|PROT_WRITE, MAP_PRIVATE|MAP_FIXED|MAP_ANONYMOUS, -1, 0) = 0x7fac8edeb000
close(3)                                = 0
mmap(NULL, 8192, PROT_READ|PROT_WRITE, MAP_PRIVATE|MAP_ANONYMOUS, -1, 0) = 0x7fac8f1e9000
arch_prctl(ARCH_SET_FS, 0x7fac8f1e9740) = 0
mprotect(0x7fac8ede5000, 16384, PROT_READ) = 0
mprotect(0x7fac8eff2000, 4096, PROT_READ) = 0
mprotect(0x601000, 4096, PROT_READ)     = 0
mprotect(0x7fac8f215000, 4096, PROT_READ) = 0
munmap(0x7fac8f1ec000, 161768)          = 0
brk(NULL)                               = 0x23d2000
brk(0x23f3000)                          = 0x23f3000
brk(NULL)                               = 0x23f3000
open("./randlibhw.so", O_RDONLY|O_CLOEXEC) = 3
read(3, "\177ELF\2\1\1\0\0\0\0\0\0\0\0\0\3\0>\0\1\0\0\0\360\4\0\0\0\0\0\0"..., 832) = 832
fstat(3, {st_mode=S_IFREG|0755, st_size=54576, ...}) = 0
getcwd("/w/home.15/cs/ugrad/xian/Desktop/week8", 128) = 39
mmap(NULL, 2101304, PROT_READ|PROT_EXEC, MAP_PRIVATE|MAP_DENYWRITE, 3, 0) = 0x7fac8e82b000
mprotect(0x7fac8e82c000, 2093056, PROT_NONE) = 0
mmap(0x7fac8ea2b000, 8192, PROT_READ|PROT_WRITE, MAP_PRIVATE|MAP_FIXED|MAP_DENYWRITE, 3, 0) = 0x7fac8ea2b000
close(3)                                = 0
mprotect(0x7fac8ea2b000, 4096, PROT_READ) = 0
fstat(1, {st_mode=S_IFREG|0644, st_size=3777, ...}) = 0
mmap(NULL, 8192, PROT_READ|PROT_WRITE, MAP_PRIVATE|MAP_ANONYMOUS, -1, 0) = 0x7fac8f212000
write(1, "210c\n", 5210c
)                   = 5
close(1)                                = 0
munmap(0x7fac8f212000, 8192)            = 0
exit_group(0)                           = ?
+++ exited with 0 +++
